<?xml version="1.0" encoding="UTF-8"?>
<!-- Generated by org.testng.reporters.JUnitXMLReporter -->
<testsuite ignored="0" hostname="DESKTOP-V006KQA" failures="1" tests="1" name="Test2" time="29.374" errors="0" timestamp="2022-09-02T11:29:51 IST">
  <testcase classname="com.eproject.testCases.TC_LoginTest_001" name="loginTest" time="9.741">
    <failure type="java.lang.AssertionError" message="expected [true] but found [false]">
      <![CDATA[java.lang.AssertionError: expected [true] but found [false]
at com.eproject.testCases.TC_LoginTest_001.loginTest(TC_LoginTest_001.java:51)
at java.base/java.util.ArrayList.forEach(ArrayList.java:1511)
... Removed 31 stack frames]]>
    </failure>
  </testcase> <!-- loginTest -->
</testsuite> <!-- Test2 -->
